[2025-01-28 21:00:19] local.ERROR: Class "DOMDocument" not found {"exception":"[object] (Error(code: 0): Class \"DOMDocument\" not found at /mnt/c/xampp/htdocs/sodastore-laravel/vendor/nunomaduro/termwind/src/HtmlRenderer.php:32)
[stacktrace]
#0 /mnt/c/xampp/htdocs/sodastore-laravel/vendor/nunomaduro/termwind/src/HtmlRenderer.php(24): Termwind\\HtmlRenderer->parse()
#1 /mnt/c/xampp/htdocs/sodastore-laravel/vendor/nunomaduro/termwind/src/Functions.php(41): Termwind\\HtmlRenderer->render()
#2 /mnt/c/xampp/htdocs/sodastore-laravel/vendor/laravel/framework/src/Illuminate/Console/View/Components/Component.php(52): Termwind\\render()
#3 /mnt/c/xampp/htdocs/sodastore-laravel/vendor/laravel/framework/src/Illuminate/Console/View/Components/Line.php(54): Illuminate\\Console\\View\\Components\\Component->renderView()
#4 /mnt/c/xampp/htdocs/sodastore-laravel/vendor/laravel/framework/src/Illuminate/Console/View/Components/Info.php(18): Illuminate\\Console\\View\\Components\\Line->render()
#5 /mnt/c/xampp/htdocs/sodastore-laravel/vendor/laravel/framework/src/Illuminate/Console/View/Components/Factory.php(60): Illuminate\\Console\\View\\Components\\Info->render()
#6 /mnt/c/xampp/htdocs/sodastore-laravel/vendor/laravel/framework/src/Illuminate/Foundation/Console/ServeCommand.php(287): Illuminate\\Console\\View\\Components\\Factory->__call()
#7 /mnt/c/xampp/htdocs/sodastore-laravel/vendor/laravel/framework/src/Illuminate/Collections/Traits/EnumeratesValues.php(259): Illuminate\\Foundation\\Console\\ServeCommand->Illuminate\\Foundation\\Console\\{closure}()
#8 /mnt/c/xampp/htdocs/sodastore-laravel/vendor/laravel/framework/src/Illuminate/Foundation/Console/ServeCommand.php(282): Illuminate\\Support\\Collection->each()
#9 /mnt/c/xampp/htdocs/sodastore-laravel/vendor/laravel/framework/src/Illuminate/Foundation/Console/ServeCommand.php(264): Illuminate\\Foundation\\Console\\ServeCommand->flushOutputBuffer()
#10 /mnt/c/xampp/htdocs/sodastore-laravel/vendor/symfony/process/Process.php(1312): Illuminate\\Foundation\\Console\\ServeCommand->Illuminate\\Foundation\\Console\\{closure}()
#11 /mnt/c/xampp/htdocs/sodastore-laravel/vendor/symfony/process/Process.php(1423): Symfony\\Component\\Process\\Process->Symfony\\Component\\Process\\{closure}()
#12 /mnt/c/xampp/htdocs/sodastore-laravel/vendor/symfony/process/Process.php(1343): Symfony\\Component\\Process\\Process->readPipes()
#13 /mnt/c/xampp/htdocs/sodastore-laravel/vendor/symfony/process/Process.php(866): Symfony\\Component\\Process\\Process->updateStatus()
#14 /mnt/c/xampp/htdocs/sodastore-laravel/vendor/laravel/framework/src/Illuminate/Foundation/Console/ServeCommand.php(108): Symfony\\Component\\Process\\Process->isRunning()
#15 /mnt/c/xampp/htdocs/sodastore-laravel/vendor/laravel/framework/src/Illuminate/Container/BoundMethod.php(36): Illuminate\\Foundation\\Console\\ServeCommand->handle()
#16 /mnt/c/xampp/htdocs/sodastore-laravel/vendor/laravel/framework/src/Illuminate/Container/Util.php(43): Illuminate\\Container\\BoundMethod::Illuminate\\Container\\{closure}()
#17 /mnt/c/xampp/htdocs/sodastore-laravel/vendor/laravel/framework/src/Illuminate/Container/BoundMethod.php(95): Illuminate\\Container\\Util::unwrapIfClosure()
#18 /mnt/c/xampp/htdocs/sodastore-laravel/vendor/laravel/framework/src/Illuminate/Container/BoundMethod.php(35): Illuminate\\Container\\BoundMethod::callBoundMethod()
#19 /mnt/c/xampp/htdocs/sodastore-laravel/vendor/laravel/framework/src/Illuminate/Container/Container.php(694): Illuminate\\Container\\BoundMethod::call()
#20 /mnt/c/xampp/htdocs/sodastore-laravel/vendor/laravel/framework/src/Illuminate/Console/Command.php(213): Illuminate\\Container\\Container->call()
#21 /mnt/c/xampp/htdocs/sodastore-laravel/vendor/symfony/console/Command/Command.php(279): Illuminate\\Console\\Command->execute()
#22 /mnt/c/xampp/htdocs/sodastore-laravel/vendor/laravel/framework/src/Illuminate/Console/Command.php(182): Symfony\\Component\\Console\\Command\\Command->run()
#23 /mnt/c/xampp/htdocs/sodastore-laravel/vendor/symfony/console/Application.php(1094): Illuminate\\Console\\Command->run()
#24 /mnt/c/xampp/htdocs/sodastore-laravel/vendor/symfony/console/Application.php(342): Symfony\\Component\\Console\\Application->doRunCommand()
#25 /mnt/c/xampp/htdocs/sodastore-laravel/vendor/symfony/console/Application.php(193): Symfony\\Component\\Console\\Application->doRun()
#26 /mnt/c/xampp/htdocs/sodastore-laravel/vendor/laravel/framework/src/Illuminate/Foundation/Console/Kernel.php(198): Symfony\\Component\\Console\\Application->run()
#27 /mnt/c/xampp/htdocs/sodastore-laravel/vendor/laravel/framework/src/Illuminate/Foundation/Application.php(1208): Illuminate\\Foundation\\Console\\Kernel->handle()
#28 /mnt/c/xampp/htdocs/sodastore-laravel/artisan(13): Illuminate\\Foundation\\Application->handleCommand()
#29 {main}
"} 
